<?xml version="1.0" encoding="UTF-8"?>
<!-- Generated by org.testng.reporters.JUnitXMLReporter -->
<testsuite hostname="Admin-PC" ignored="0" name="Test" tests="3" failures="0" timestamp="2021-07-03T06:19:11 PDT" time="22.276" errors="0">
  <testcase name="@AfterMethod Take_SS" time="1.219" classname="testngINCandPrority.NewTestPRandINC">
    <failure type="java.lang.IllegalArgumentException" message="Parameter &amp;apos;srcDir&amp;apos; is not a directory: &amp;apos;C:\Users\Admin\AppData\Local\Temp\screenshot6355133358251376312.png&amp;apos;">
      <![CDATA[java.lang.IllegalArgumentException: Parameter 'srcDir' is not a directory: 'C:\Users\Admin\AppData\Local\Temp\screenshot6355133358251376312.png'
at org.apache.commons.io.FileUtils.requireDirectory(FileUtils.java:2634)
at org.apache.commons.io.FileUtils.copyDirectory(FileUtils.java:681)
at org.apache.commons.io.FileUtils.copyDirectory(FileUtils.java:629)
at org.apache.commons.io.FileUtils.copyDirectory(FileUtils.java:530)
at org.apache.commons.io.FileUtils.copyDirectory(FileUtils.java:501)
at testngINCandPrority.NewTestPRandINC.Take_SS(NewTestPRandINC.java:155)
at java.util.ArrayList.forEach(ArrayList.java:1249)
... Removed 32 stack frames]]>
    </failure>
  </testcase> <!-- @AfterMethod Take_SS -->
  <testcase name="@BeforeMethod getCookies" time="-1.625318351524E9" classname="testngINCandPrority.NewTestPRandINC">
    <skipped/>
  </testcase> <!-- @BeforeMethod getCookies -->
  <testcase name="@AfterMethod Take_SS" time="-1.625318351532E9" classname="testngINCandPrority.NewTestPRandINC">
    <skipped/>
  </testcase> <!-- @AfterMethod Take_SS -->
  <testcase name="@BeforeMethod getCookies" time="-1.625318351534E9" classname="testngINCandPrority.NewTestPRandINC">
    <skipped/>
  </testcase> <!-- @BeforeMethod getCookies -->
  <testcase name="@AfterMethod Take_SS" time="-1.625318351541E9" classname="testngINCandPrority.NewTestPRandINC">
    <skipped/>
  </testcase> <!-- @AfterMethod Take_SS -->
  <testcase name="@AfterClass deleteallcookies" time="-1.625318351545E9" classname="testngINCandPrority.NewTestPRandINC">
    <skipped/>
  </testcase> <!-- @AfterClass deleteallcookies -->
  <testcase name="@AfterTest afterTest" time="-1.625318351546E9" classname="testngINCandPrority.NewTestPRandINC">
    <skipped/>
  </testcase> <!-- @AfterTest afterTest -->
  <testcase name="Test3" time="16.543" classname="testngINCandPrority.NewTestPRandINC"/>
  <testcase name="Test1" time="0.0" classname="testngINCandPrority.NewTestPRandINC">
    <skipped/>
  </testcase> <!-- Test1 -->
  <testcase name="Test2" time="0.0" classname="testngINCandPrority.NewTestPRandINC">
    <skipped/>
  </testcase> <!-- Test2 -->
</testsuite> <!-- Test -->
